{"C:\\Users\\jenif\\Desktop\\lemon-challenge\\src\\App.ts": {"path":"C:\\Users\\jenif\\Desktop\\lemon-challenge\\src\\App.ts","statementMap":{"0":{"start":{"line":1,"column":0},"end":{"line":1,"column":20}},"1":{"start":{"line":1,"column":20},"end":{"line":1,"column":null}},"2":{"start":{"line":4,"column":27},"end":{"line":4,"column":null}},"3":{"start":{"line":11,"column":4},"end":{"line":11,"column":null}},"4":{"start":{"line":13,"column":4},"end":{"line":13,"column":null}},"5":{"start":{"line":15,"column":4},"end":{"line":15,"column":null}},"6":{"start":{"line":15,"column":36},"end":{"line":15,"column":58}},"7":{"start":{"line":16,"column":4},"end":{"line":16,"column":null}},"8":{"start":{"line":20,"column":50},"end":{"line":25,"column":null}},"9":{"start":{"line":21,"column":6},"end":{"line":21,"column":null}},"10":{"start":{"line":22,"column":6},"end":{"line":22,"column":null}},"11":{"start":{"line":23,"column":6},"end":{"line":23,"column":null}},"12":{"start":{"line":24,"column":6},"end":{"line":24,"column":null}},"13":{"start":{"line":27,"column":4},"end":{"line":27,"column":null}},"14":{"start":{"line":28,"column":4},"end":{"line":28,"column":null}},"15":{"start":{"line":36,"column":19},"end":{"line":36,"column":null}},"16":{"start":{"line":36,"column":47},"end":{"line":36,"column":85}},"17":{"start":{"line":37,"column":4},"end":{"line":37,"column":null}},"18":{"start":{"line":42,"column":23},"end":{"line":42,"column":null}}},"fnMap":{"0":{"name":"(anonymous_5)","decl":{"start":{"line":1,"column":0},"end":{"line":1,"column":20}},"loc":{"start":{"line":1,"column":0},"end":{"line":1,"column":20}}},"1":{"name":"(anonymous_7)","decl":{"start":{"line":10,"column":2},"end":{"line":10,"column":16}},"loc":{"start":{"line":10,"column":16},"end":{"line":17,"column":null}}},"2":{"name":"(anonymous_8)","decl":{"start":{"line":15,"column":22},"end":{"line":15,"column":23}},"loc":{"start":{"line":15,"column":36},"end":{"line":15,"column":58}}},"3":{"name":"(anonymous_9)","decl":{"start":{"line":19,"column":10},"end":{"line":19,"column":24}},"loc":{"start":{"line":19,"column":24},"end":{"line":33,"column":null}}},"4":{"name":"(anonymous_10)","decl":{"start":{"line":20,"column":50},"end":{"line":20,"column":51}},"loc":{"start":{"line":20,"column":71},"end":{"line":25,"column":null}}},"5":{"name":"(anonymous_11)","decl":{"start":{"line":35,"column":9},"end":{"line":35,"column":15}},"loc":{"start":{"line":35,"column":41},"end":{"line":38,"column":null}}},"6":{"name":"(anonymous_12)","decl":{"start":{"line":36,"column":41},"end":{"line":36,"column":47}},"loc":{"start":{"line":36,"column":47},"end":{"line":36,"column":85}}}},"branchMap":{},"s":{"0":8,"1":1,"2":1,"3":3,"4":3,"5":3,"6":0,"7":3,"8":3,"9":3,"10":3,"11":3,"12":3,"13":3,"14":3,"15":2,"16":0,"17":2,"18":1},"f":{"0":5,"1":3,"2":0,"3":3,"4":3,"5":2,"6":0},"b":{}}
,"C:\\Users\\jenif\\Desktop\\lemon-challenge\\src\\controller\\PropostaController.ts": {"path":"C:\\Users\\jenif\\Desktop\\lemon-challenge\\src\\controller\\PropostaController.ts","statementMap":{"0":{"start":{"line":1,"column":0},"end":{"line":1,"column":null}},"1":{"start":{"line":2,"column":28},"end":{"line":2,"column":null}},"2":{"start":{"line":12,"column":2},"end":{"line":22,"column":null}},"3":{"start":{"line":13,"column":21},"end":{"line":13,"column":null}},"4":{"start":{"line":15,"column":4},"end":{"line":21,"column":null}},"5":{"start":{"line":16,"column":24},"end":{"line":16,"column":null}},"6":{"start":{"line":17,"column":6},"end":{"line":17,"column":null}},"7":{"start":{"line":19,"column":26},"end":{"line":19,"column":null}},"8":{"start":{"line":20,"column":6},"end":{"line":20,"column":null}},"9":{"start":{"line":9,"column":4},"end":{"line":9,"column":null}}},"fnMap":{"0":{"name":"(anonymous_5)","decl":{"start":{"line":1,"column":0},"end":{"line":1,"column":null}},"loc":{"start":{"line":1,"column":0},"end":{"line":1,"column":null}}},"1":{"name":"(anonymous_6)","decl":{"start":{"line":8,"column":2},"end":{"line":8,"column":14}},"loc":{"start":{"line":8,"column":41},"end":{"line":10,"column":null}}},"2":{"name":"(anonymous_7)","decl":{"start":{"line":12,"column":17},"end":{"line":12,"column":24}},"loc":{"start":{"line":12,"column":65},"end":{"line":22,"column":null}}}},"branchMap":{"0":{"loc":{"start":{"line":9,"column":19},"end":{"line":9,"column":null}},"type":"binary-expr","locations":[{"start":{"line":9,"column":19},"end":{"line":9,"column":30}},{"start":{"line":9,"column":30},"end":{"line":9,"column":null}}]}},"s":{"0":13,"1":2,"2":6,"3":5,"4":5,"5":5,"6":4,"7":1,"8":1,"9":6},"f":{"0":7,"1":6,"2":5},"b":{"0":[6,2]}}
,"C:\\Users\\jenif\\Desktop\\lemon-challenge\\src\\middlewares\\validacaoClasseConsumo.ts": {"path":"C:\\Users\\jenif\\Desktop\\lemon-challenge\\src\\middlewares\\validacaoClasseConsumo.ts","statementMap":{"0":{"start":{"line":1,"column":0},"end":{"line":1,"column":null}},"1":{"start":{"line":5,"column":31},"end":{"line":19,"column":null}},"2":{"start":{"line":6,"column":30},"end":{"line":6,"column":null}},"3":{"start":{"line":7,"column":27},"end":{"line":13,"column":null}},"4":{"start":{"line":15,"column":2},"end":{"line":17,"column":null}},"5":{"start":{"line":16,"column":4},"end":{"line":16,"column":null}},"6":{"start":{"line":18,"column":2},"end":{"line":18,"column":null}},"7":{"start":{"line":21,"column":15},"end":{"line":21,"column":null}}},"fnMap":{"0":{"name":"(anonymous_4)","decl":{"start":{"line":1,"column":0},"end":{"line":1,"column":null}},"loc":{"start":{"line":1,"column":0},"end":{"line":1,"column":null}}},"1":{"name":"(anonymous_5)","decl":{"start":{"line":5,"column":31},"end":{"line":5,"column":32}},"loc":{"start":{"line":5,"column":102},"end":{"line":19,"column":null}}}},"branchMap":{"0":{"loc":{"start":{"line":15,"column":2},"end":{"line":17,"column":null}},"type":"if","locations":[{"start":{"line":15,"column":2},"end":{"line":17,"column":null}}]}},"s":{"0":9,"1":2,"2":4,"3":4,"4":4,"5":1,"6":3,"7":2},"f":{"0":3,"1":4},"b":{"0":[1]}}
,"C:\\Users\\jenif\\Desktop\\lemon-challenge\\src\\middlewares\\validacaoHistoricoDeConsumo.ts": {"path":"C:\\Users\\jenif\\Desktop\\lemon-challenge\\src\\middlewares\\validacaoHistoricoDeConsumo.ts","statementMap":{"0":{"start":{"line":1,"column":0},"end":{"line":1,"column":null}},"1":{"start":{"line":4,"column":36},"end":{"line":46,"column":null}},"2":{"start":{"line":5,"column":33},"end":{"line":5,"column":null}},"3":{"start":{"line":8,"column":38},"end":{"line":8,"column":null}},"4":{"start":{"line":9,"column":2},"end":{"line":13,"column":null}},"5":{"start":{"line":10,"column":4},"end":{"line":12,"column":null}},"6":{"start":{"line":20,"column":45},"end":{"line":20,"column":null}},"7":{"start":{"line":21,"column":2},"end":{"line":25,"column":null}},"8":{"start":{"line":22,"column":4},"end":{"line":24,"column":null}},"9":{"start":{"line":29,"column":38},"end":{"line":29,"column":null}},"10":{"start":{"line":30,"column":2},"end":{"line":34,"column":null}},"11":{"start":{"line":31,"column":4},"end":{"line":33,"column":null}},"12":{"start":{"line":37,"column":46},"end":{"line":37,"column":null}},"13":{"start":{"line":37,"column":85},"end":{"line":37,"column":118}},"14":{"start":{"line":38,"column":2},"end":{"line":42,"column":null}},"15":{"start":{"line":39,"column":4},"end":{"line":41,"column":null}},"16":{"start":{"line":45,"column":2},"end":{"line":45,"column":null}},"17":{"start":{"line":48,"column":15},"end":{"line":48,"column":null}}},"fnMap":{"0":{"name":"(anonymous_4)","decl":{"start":{"line":1,"column":0},"end":{"line":1,"column":null}},"loc":{"start":{"line":1,"column":0},"end":{"line":1,"column":null}}},"1":{"name":"(anonymous_5)","decl":{"start":{"line":4,"column":36},"end":{"line":4,"column":37}},"loc":{"start":{"line":4,"column":107},"end":{"line":46,"column":null}}},"2":{"name":"(anonymous_6)","decl":{"start":{"line":37,"column":71},"end":{"line":37,"column":72}},"loc":{"start":{"line":37,"column":85},"end":{"line":37,"column":118}}}},"branchMap":{"0":{"loc":{"start":{"line":9,"column":2},"end":{"line":13,"column":null}},"type":"if","locations":[{"start":{"line":9,"column":2},"end":{"line":13,"column":null}}]},"1":{"loc":{"start":{"line":21,"column":2},"end":{"line":25,"column":null}},"type":"if","locations":[{"start":{"line":21,"column":2},"end":{"line":25,"column":null}}]},"2":{"loc":{"start":{"line":29,"column":38},"end":{"line":29,"column":null}},"type":"binary-expr","locations":[{"start":{"line":29,"column":38},"end":{"line":29,"column":72}},{"start":{"line":29,"column":72},"end":{"line":29,"column":null}}]},"3":{"loc":{"start":{"line":30,"column":2},"end":{"line":34,"column":null}},"type":"if","locations":[{"start":{"line":30,"column":2},"end":{"line":34,"column":null}}]},"4":{"loc":{"start":{"line":37,"column":85},"end":{"line":37,"column":118}},"type":"binary-expr","locations":[{"start":{"line":37,"column":85},"end":{"line":37,"column":102}},{"start":{"line":37,"column":102},"end":{"line":37,"column":118}}]},"5":{"loc":{"start":{"line":38,"column":2},"end":{"line":42,"column":null}},"type":"if","locations":[{"start":{"line":38,"column":2},"end":{"line":42,"column":null}}]}},"s":{"0":14,"1":2,"2":9,"3":9,"4":9,"5":1,"6":8,"7":8,"8":1,"9":7,"10":7,"11":2,"12":5,"13":39,"14":5,"15":2,"16":3,"17":2},"f":{"0":8,"1":9,"2":39},"b":{"0":[1],"1":[1],"2":[7,6],"3":[2],"4":[39,38],"5":[2]}}
,"C:\\Users\\jenif\\Desktop\\lemon-challenge\\src\\middlewares\\validacaoModalidadeTarifaria.ts": {"path":"C:\\Users\\jenif\\Desktop\\lemon-challenge\\src\\middlewares\\validacaoModalidadeTarifaria.ts","statementMap":{"0":{"start":{"line":1,"column":0},"end":{"line":1,"column":null}},"1":{"start":{"line":4,"column":37},"end":{"line":14,"column":null}},"2":{"start":{"line":5,"column":34},"end":{"line":5,"column":null}},"3":{"start":{"line":6,"column":31},"end":{"line":8,"column":null}},"4":{"start":{"line":10,"column":2},"end":{"line":12,"column":null}},"5":{"start":{"line":11,"column":4},"end":{"line":11,"column":null}},"6":{"start":{"line":13,"column":2},"end":{"line":13,"column":null}},"7":{"start":{"line":16,"column":15},"end":{"line":16,"column":null}}},"fnMap":{"0":{"name":"(anonymous_4)","decl":{"start":{"line":1,"column":0},"end":{"line":1,"column":null}},"loc":{"start":{"line":1,"column":0},"end":{"line":1,"column":null}}},"1":{"name":"(anonymous_5)","decl":{"start":{"line":4,"column":37},"end":{"line":4,"column":38}},"loc":{"start":{"line":4,"column":108},"end":{"line":14,"column":null}}}},"branchMap":{"0":{"loc":{"start":{"line":10,"column":2},"end":{"line":12,"column":null}},"type":"if","locations":[{"start":{"line":10,"column":2},"end":{"line":12,"column":null}}]}},"s":{"0":9,"1":2,"2":5,"3":5,"4":5,"5":1,"6":4,"7":2},"f":{"0":3,"1":5},"b":{"0":[1]}}
,"C:\\Users\\jenif\\Desktop\\lemon-challenge\\src\\middlewares\\validacaoNumeroDoDocumento.ts": {"path":"C:\\Users\\jenif\\Desktop\\lemon-challenge\\src\\middlewares\\validacaoNumeroDoDocumento.ts","statementMap":{"0":{"start":{"line":1,"column":0},"end":{"line":1,"column":null}},"1":{"start":{"line":4,"column":35},"end":{"line":14,"column":null}},"2":{"start":{"line":5,"column":32},"end":{"line":5,"column":null}},"3":{"start":{"line":6,"column":18},"end":{"line":6,"column":null}},"4":{"start":{"line":7,"column":19},"end":{"line":7,"column":null}},"5":{"start":{"line":10,"column":1},"end":{"line":12,"column":null}},"6":{"start":{"line":11,"column":3},"end":{"line":11,"column":null}},"7":{"start":{"line":13,"column":2},"end":{"line":13,"column":null}},"8":{"start":{"line":16,"column":15},"end":{"line":16,"column":null}}},"fnMap":{"0":{"name":"(anonymous_4)","decl":{"start":{"line":1,"column":0},"end":{"line":1,"column":null}},"loc":{"start":{"line":1,"column":0},"end":{"line":1,"column":null}}},"1":{"name":"(anonymous_5)","decl":{"start":{"line":4,"column":35},"end":{"line":4,"column":36}},"loc":{"start":{"line":4,"column":106},"end":{"line":14,"column":null}}}},"branchMap":{"0":{"loc":{"start":{"line":10,"column":1},"end":{"line":12,"column":null}},"type":"if","locations":[{"start":{"line":10,"column":1},"end":{"line":12,"column":null}}]},"1":{"loc":{"start":{"line":10,"column":8},"end":{"line":10,"column":80}},"type":"binary-expr","locations":[{"start":{"line":10,"column":8},"end":{"line":10,"column":44}},{"start":{"line":10,"column":44},"end":{"line":10,"column":80}}]}},"s":{"0":10,"1":2,"2":6,"3":6,"4":6,"5":6,"6":3,"7":3,"8":2},"f":{"0":4,"1":6},"b":{"0":[3],"1":[6,3]}}
,"C:\\Users\\jenif\\Desktop\\lemon-challenge\\src\\middlewares\\validacaoTiposDeConexao.ts": {"path":"C:\\Users\\jenif\\Desktop\\lemon-challenge\\src\\middlewares\\validacaoTiposDeConexao.ts","statementMap":{"0":{"start":{"line":1,"column":0},"end":{"line":1,"column":null}},"1":{"start":{"line":4,"column":32},"end":{"line":18,"column":null}},"2":{"start":{"line":5,"column":28},"end":{"line":5,"column":null}},"3":{"start":{"line":6,"column":25},"end":{"line":8,"column":null}},"4":{"start":{"line":10,"column":2},"end":{"line":14,"column":null}},"5":{"start":{"line":11,"column":4},"end":{"line":11,"column":null}},"6":{"start":{"line":12,"column":4},"end":{"line":12,"column":null}},"7":{"start":{"line":15,"column":2},"end":{"line":15,"column":null}},"8":{"start":{"line":17,"column":2},"end":{"line":17,"column":null}},"9":{"start":{"line":20,"column":15},"end":{"line":20,"column":null}}},"fnMap":{"0":{"name":"(anonymous_4)","decl":{"start":{"line":1,"column":0},"end":{"line":1,"column":null}},"loc":{"start":{"line":1,"column":0},"end":{"line":1,"column":null}}},"1":{"name":"(anonymous_5)","decl":{"start":{"line":4,"column":32},"end":{"line":4,"column":33}},"loc":{"start":{"line":4,"column":103},"end":{"line":18,"column":null}}}},"branchMap":{"0":{"loc":{"start":{"line":10,"column":2},"end":{"line":14,"column":null}},"type":"if","locations":[{"start":{"line":10,"column":2},"end":{"line":14,"column":null}}]}},"s":{"0":9,"1":2,"2":4,"3":4,"4":4,"5":1,"6":1,"7":3,"8":3,"9":2},"f":{"0":3,"1":4},"b":{"0":[1]}}
,"C:\\Users\\jenif\\Desktop\\lemon-challenge\\src\\routes\\proposta.routes.ts": {"path":"C:\\Users\\jenif\\Desktop\\lemon-challenge\\src\\routes\\proposta.routes.ts","statementMap":{"0":{"start":{"line":1,"column":0},"end":{"line":1,"column":41}},"1":{"start":{"line":1,"column":41},"end":{"line":1,"column":null}},"2":{"start":{"line":2,"column":39},"end":{"line":2,"column":null}},"3":{"start":{"line":3,"column":36},"end":{"line":3,"column":null}},"4":{"start":{"line":4,"column":35},"end":{"line":4,"column":null}},"5":{"start":{"line":5,"column":40},"end":{"line":5,"column":null}},"6":{"start":{"line":6,"column":23},"end":{"line":6,"column":null}},"7":{"start":{"line":7,"column":31},"end":{"line":7,"column":null}},"8":{"start":{"line":11,"column":6},"end":{"line":11,"column":null}},"9":{"start":{"line":12,"column":24},"end":{"line":12,"column":null}},"10":{"start":{"line":14,"column":0},"end":{"line":15,"column":null}},"11":{"start":{"line":17,"column":15},"end":{"line":17,"column":null}}},"fnMap":{"0":{"name":"(anonymous_5)","decl":{"start":{"line":1,"column":0},"end":{"line":1,"column":41}},"loc":{"start":{"line":1,"column":0},"end":{"line":1,"column":41}}}},"branchMap":{},"s":{"0":6,"1":1,"2":1,"3":1,"4":1,"5":1,"6":1,"7":1,"8":1,"9":1,"10":1,"11":1},"f":{"0":3},"b":{}}
,"C:\\Users\\jenif\\Desktop\\lemon-challenge\\src\\service\\PropostaService.ts": {"path":"C:\\Users\\jenif\\Desktop\\lemon-challenge\\src\\service\\PropostaService.ts","statementMap":{"0":{"start":{"line":1,"column":0},"end":{"line":1,"column":null}},"1":{"start":{"line":8,"column":0},"end":{"line":38,"column":null}},"2":{"start":{"line":12,"column":21},"end":{"line":12,"column":null}},"3":{"start":{"line":13,"column":32},"end":{"line":13,"column":null}},"4":{"start":{"line":16,"column":0},"end":{"line":22,"column":null}},"5":{"start":{"line":17,"column":2},"end":{"line":21,"column":null}},"6":{"start":{"line":25,"column":21},"end":{"line":25,"column":null}},"7":{"start":{"line":26,"column":27},"end":{"line":26,"column":null}},"8":{"start":{"line":30,"column":0},"end":{"line":33,"column":null}},"9":{"start":{"line":40,"column":0},"end":{"line":49,"column":null}},"10":{"start":{"line":44,"column":16},"end":{"line":46,"column":null}},"11":{"start":{"line":45,"column":2},"end":{"line":45,"column":null}},"12":{"start":{"line":48,"column":0},"end":{"line":48,"column":null}},"13":{"start":{"line":51,"column":2},"end":{"line":83,"column":null}},"14":{"start":{"line":52,"column":34},"end":{"line":52,"column":null}},"15":{"start":{"line":54,"column":38},"end":{"line":58,"column":null}},"16":{"start":{"line":60,"column":43},"end":{"line":63,"column":null}},"17":{"start":{"line":66,"column":4},"end":{"line":68,"column":null}},"18":{"start":{"line":67,"column":6},"end":{"line":67,"column":null}},"19":{"start":{"line":71,"column":4},"end":{"line":73,"column":null}},"20":{"start":{"line":72,"column":6},"end":{"line":72,"column":null}},"21":{"start":{"line":77,"column":4},"end":{"line":77,"column":null}},"22":{"start":{"line":79,"column":4},"end":{"line":81,"column":null}},"23":{"start":{"line":80,"column":6},"end":{"line":80,"column":null}},"24":{"start":{"line":82,"column":4},"end":{"line":82,"column":null}}},"fnMap":{"0":{"name":"(anonymous_4)","decl":{"start":{"line":1,"column":0},"end":{"line":1,"column":null}},"loc":{"start":{"line":1,"column":0},"end":{"line":1,"column":null}}},"1":{"name":"(anonymous_5)","decl":{"start":{"line":5,"column":0},"end":{"line":5,"column":14}},"loc":{"start":{"line":5,"column":14},"end":{"line":6,"column":null}}},"2":{"name":"(anonymous_6)","decl":{"start":{"line":8,"column":22},"end":{"line":8,"column":29}},"loc":{"start":{"line":8,"column":51},"end":{"line":38,"column":null}}},"3":{"name":"(anonymous_7)","decl":{"start":{"line":40,"column":29},"end":{"line":40,"column":30}},"loc":{"start":{"line":40,"column":52},"end":{"line":49,"column":null}}},"4":{"name":"(anonymous_8)","decl":{"start":{"line":44,"column":51},"end":{"line":44,"column":52}},"loc":{"start":{"line":44,"column":71},"end":{"line":46,"column":3}}},"5":{"name":"(anonymous_9)","decl":{"start":{"line":51,"column":39},"end":{"line":51,"column":40}},"loc":{"start":{"line":51,"column":84},"end":{"line":83,"column":null}}}},"branchMap":{"0":{"loc":{"start":{"line":16,"column":0},"end":{"line":22,"column":null}},"type":"if","locations":[{"start":{"line":16,"column":0},"end":{"line":22,"column":null}}]},"1":{"loc":{"start":{"line":66,"column":4},"end":{"line":68,"column":null}},"type":"if","locations":[{"start":{"line":66,"column":4},"end":{"line":68,"column":null}}]},"2":{"loc":{"start":{"line":71,"column":4},"end":{"line":73,"column":null}},"type":"if","locations":[{"start":{"line":71,"column":4},"end":{"line":73,"column":null}}]},"3":{"loc":{"start":{"line":79,"column":4},"end":{"line":81,"column":null}},"type":"if","locations":[{"start":{"line":79,"column":4},"end":{"line":81,"column":null}}]},"4":{"loc":{"start":{"line":79,"column":8},"end":{"line":79,"column":198}},"type":"binary-expr","locations":[{"start":{"line":79,"column":8},"end":{"line":79,"column":51}},{"start":{"line":79,"column":51},"end":{"line":79,"column":73}},{"start":{"line":79,"column":73},"end":{"line":79,"column":114}},{"start":{"line":79,"column":114},"end":{"line":79,"column":136}},{"start":{"line":79,"column":136},"end":{"line":79,"column":178}},{"start":{"line":79,"column":178},"end":{"line":79,"column":198}}]}},"s":{"0":26,"1":17,"2":6,"3":6,"4":6,"5":3,"6":3,"7":3,"8":3,"9":17,"10":15,"11":143,"12":15,"13":17,"14":13,"15":13,"16":13,"17":13,"18":5,"19":13,"20":5,"21":13,"22":13,"23":3,"24":13},"f":{"0":17,"1":17,"2":6,"3":15,"4":143,"5":13},"b":{"0":[3],"1":[5],"2":[5],"3":[3],"4":[13,1,12,1,11,1]}}
,"C:\\Users\\jenif\\Desktop\\lemon-challenge\\testes\\mocks\\proposta.mock.ts": {"path":"C:\\Users\\jenif\\Desktop\\lemon-challenge\\testes\\mocks\\proposta.mock.ts","statementMap":{"0":{"start":{"line":1,"column":0},"end":{"line":1,"column":null}},"1":{"start":{"line":3,"column":34},"end":{"line":22,"column":null}},"2":{"start":{"line":24,"column":35},"end":{"line":41,"column":null}},"3":{"start":{"line":43,"column":19},"end":{"line":45,"column":null}},"4":{"start":{"line":44,"column":4},"end":{"line":44,"column":null}}},"fnMap":{"0":{"name":"(anonymous_4)","decl":{"start":{"line":1,"column":0},"end":{"line":1,"column":null}},"loc":{"start":{"line":1,"column":0},"end":{"line":1,"column":null}}},"1":{"name":"(anonymous_7)","decl":{"start":{"line":43,"column":19},"end":{"line":43,"column":20}},"loc":{"start":{"line":43,"column":75},"end":{"line":45,"column":null}}}},"branchMap":{},"s":{"0":34,"1":3,"2":3,"3":3,"4":6},"f":{"0":25,"1":6},"b":{}}
,"C:\\Users\\jenif\\Desktop\\lemon-challenge\\testes\\mocks\\respostas.mock.ts": {"path":"C:\\Users\\jenif\\Desktop\\lemon-challenge\\testes\\mocks\\respostas.mock.ts","statementMap":{"0":{"start":{"line":1,"column":0},"end":{"line":1,"column":6}},"1":{"start":{"line":1,"column":31},"end":{"line":6,"column":null}},"2":{"start":{"line":8,"column":33},"end":{"line":16,"column":null}}},"fnMap":{"0":{"name":"(anonymous_4)","decl":{"start":{"line":1,"column":0},"end":{"line":1,"column":6}},"loc":{"start":{"line":1,"column":0},"end":{"line":1,"column":6}}}},"branchMap":{},"s":{"0":10,"1":2,"2":2},"f":{"0":4},"b":{}}
}
