TN:
SF:src/middlewares/modalidadeTarifaria.ts
FN:1,(anonymous_4)
FN:4,(anonymous_5)
FNF:2
FNH:2
FNDA:2,(anonymous_4)
FNDA:2,(anonymous_5)
DA:1,5
DA:4,1
DA:5,2
DA:6,2
DA:10,2
DA:11,1
DA:13,1
DA:16,1
LF:8
LH:8
BRDA:10,0,0,1
BRF:1
BRH:1
end_of_record
TN:
SF:src/service/PropostaService.ts
FN:1,(anonymous_4)
FN:5,(anonymous_5)
FN:8,(anonymous_6)
FN:40,(anonymous_7)
FN:44,(anonymous_8)
FN:51,(anonymous_9)
FNF:6
FNH:6
FNDA:11,(anonymous_4)
FNDA:11,(anonymous_5)
FNDA:2,(anonymous_6)
FNDA:11,(anonymous_7)
FNDA:99,(anonymous_8)
FNDA:9,(anonymous_9)
DA:1,14
DA:8,11
DA:12,2
DA:13,2
DA:16,2
DA:17,1
DA:25,1
DA:26,1
DA:30,1
DA:40,11
DA:44,11
DA:45,99
DA:48,11
DA:51,11
DA:52,9
DA:54,9
DA:60,9
DA:66,9
DA:67,3
DA:71,9
DA:72,3
DA:77,9
DA:79,9
DA:80,3
DA:82,9
LF:25
LH:25
BRDA:16,0,0,1
BRDA:66,1,0,3
BRDA:71,2,0,3
BRDA:79,3,0,3
BRDA:79,4,0,9
BRDA:79,4,1,1
BRDA:79,4,2,8
BRDA:79,4,3,1
BRDA:79,4,4,7
BRDA:79,4,5,1
BRF:10
BRH:10
end_of_record
TN:
SF:src/testes/mocks/proposta.mock.ts
FN:1,(anonymous_4)
FN:43,(anonymous_7)
FNF:2
FNH:2
FNDA:18,(anonymous_4)
FNDA:5,(anonymous_7)
DA:1,21
DA:3,1
DA:24,1
DA:43,1
DA:44,5
LF:5
LH:5
BRF:0
BRH:0
end_of_record
