TN:
SF:src/controller/PropostaController.ts
FN:1,(anonymous_5)
FN:8,(anonymous_6)
FN:12,(anonymous_7)
FNF:3
FNH:3
FNDA:6,(anonymous_5)
FNDA:5,(anonymous_6)
FNDA:3,(anonymous_7)
DA:1,9
DA:2,1
DA:9,5
DA:12,5
DA:13,3
DA:15,3
DA:16,3
DA:17,2
DA:19,1
DA:20,1
LF:10
LH:10
BRDA:9,0,0,5
BRDA:9,0,1,1
BRF:2
BRH:2
end_of_record
TN:
SF:src/middlewares/validacaoClasseConsumo.ts
FN:1,(anonymous_4)
FN:5,(anonymous_5)
FNF:2
FNH:2
FNDA:2,(anonymous_4)
FNDA:2,(anonymous_5)
DA:1,5
DA:5,1
DA:6,2
DA:7,2
DA:15,2
DA:16,1
DA:18,1
DA:21,1
LF:8
LH:8
BRDA:15,0,0,1
BRF:1
BRH:1
end_of_record
TN:
SF:src/middlewares/validacaoHistoricoDeConsumo.ts
FN:1,(anonymous_4)
FN:4,(anonymous_5)
FN:37,(anonymous_6)
FNF:3
FNH:3
FNDA:7,(anonymous_4)
FNDA:7,(anonymous_5)
FNDA:17,(anonymous_6)
DA:1,10
DA:4,1
DA:5,7
DA:8,7
DA:9,7
DA:10,1
DA:20,6
DA:21,6
DA:22,1
DA:29,5
DA:30,5
DA:31,2
DA:37,17
DA:38,3
DA:39,2
DA:45,1
DA:48,1
LF:17
LH:17
BRDA:9,0,0,1
BRDA:21,1,0,1
BRDA:29,2,0,5
BRDA:29,2,1,4
BRDA:30,3,0,2
BRDA:37,4,0,17
BRDA:37,4,1,16
BRDA:38,5,0,2
BRF:8
BRH:8
end_of_record
TN:
SF:src/middlewares/validacaoModalidadeTarifaria.ts
FN:1,(anonymous_4)
FN:4,(anonymous_5)
FNF:2
FNH:2
FNDA:2,(anonymous_4)
FNDA:2,(anonymous_5)
DA:1,5
DA:4,1
DA:5,2
DA:6,2
DA:10,2
DA:11,1
DA:13,1
DA:16,1
LF:8
LH:8
BRDA:10,0,0,1
BRF:1
BRH:1
end_of_record
TN:
SF:src/middlewares/validacaoNumeroDoDocumento.ts
FN:1,(anonymous_4)
FN:4,(anonymous_5)
FNF:2
FNH:2
FNDA:3,(anonymous_4)
FNDA:3,(anonymous_5)
DA:1,6
DA:4,1
DA:5,3
DA:6,3
DA:7,3
DA:10,3
DA:11,2
DA:13,1
DA:16,1
LF:9
LH:9
BRDA:10,0,0,2
BRDA:10,1,0,3
BRDA:10,1,1,2
BRF:3
BRH:3
end_of_record
TN:
SF:src/middlewares/validacaoTiposDeConexao.ts
FN:1,(anonymous_4)
FN:4,(anonymous_5)
FNF:2
FNH:2
FNDA:2,(anonymous_4)
FNDA:2,(anonymous_5)
DA:1,5
DA:4,1
DA:5,2
DA:6,2
DA:10,2
DA:11,1
DA:12,1
DA:15,1
DA:17,1
DA:20,1
LF:10
LH:10
BRDA:10,0,0,1
BRF:1
BRH:1
end_of_record
TN:
SF:src/service/PropostaService.ts
FN:1,(anonymous_4)
FN:5,(anonymous_5)
FN:8,(anonymous_6)
FN:40,(anonymous_7)
FN:44,(anonymous_8)
FN:51,(anonymous_9)
FNF:6
FNH:6
FNDA:16,(anonymous_4)
FNDA:16,(anonymous_5)
FNDA:4,(anonymous_6)
FNDA:13,(anonymous_7)
FNDA:121,(anonymous_8)
FNDA:11,(anonymous_9)
DA:1,22
DA:8,16
DA:12,4
DA:13,4
DA:16,4
DA:17,2
DA:25,2
DA:26,2
DA:30,2
DA:40,16
DA:44,13
DA:45,121
DA:48,13
DA:51,16
DA:52,11
DA:54,11
DA:60,11
DA:66,11
DA:67,4
DA:71,11
DA:72,4
DA:77,11
DA:79,11
DA:80,3
DA:82,11
LF:25
LH:25
BRDA:16,0,0,2
BRDA:66,1,0,4
BRDA:71,2,0,4
BRDA:79,3,0,3
BRDA:79,4,0,11
BRDA:79,4,1,1
BRDA:79,4,2,10
BRDA:79,4,3,1
BRDA:79,4,4,9
BRDA:79,4,5,1
BRF:10
BRH:10
end_of_record
TN:
SF:src/testes/mocks/proposta.mock.ts
FN:1,(anonymous_4)
FN:43,(anonymous_7)
FNF:2
FNH:2
FNDA:21,(anonymous_4)
FNDA:5,(anonymous_7)
DA:1,27
DA:3,2
DA:24,2
DA:43,2
DA:44,5
LF:5
LH:5
BRF:0
BRH:0
end_of_record
TN:
SF:src/testes/mocks/respostas.mock.ts
FN:1,(anonymous_4)
FNF:1
FNH:1
FNDA:2,(anonymous_4)
DA:1,5
DA:8,1
LF:2
LH:2
BRF:0
BRH:0
end_of_record
